*** Using Compiler 'V5.06 update 7 (build 960)', folder: 'C:\Keil_v5\ARM\ARM_Complier_5.05_uv7\Bin'
Build target 'Target 1'
Note: source file '..\Thirdparty\Lwip\port\GD32F4xx\FreeRTOS\ethernetif.c' - object file renamed from '.\Objects\ethernetif.o' to '.\Objects\ethernetif_1.o'.compiling gd32f4xx_crc.c...
compiling systick.c...
compiling gd32f4xx_dma.c...
compiling gd32f4xx_enet.c...
compiling gd32f4xx_exmc.c...
compiling gd32f4xx_dbg.c...
compiling gd32f4xx_adc.c...
compiling gd32f4xx_dac.c...
compiling main.c...
compiling gd32f4xx_dci.c...
compiling gd32f4xx_can.c...
compiling gd32f4xx_ctc.c...
compiling gd32f4xx_it.c...
compiling gd32f4xx_exti.c...
compiling gd32f4xx_fmc.c...
compiling gd32f4xx_fwdgt.c...
compiling gd32f4xx_gpio.c...
compiling gd32f4xx_i2c.c...
compiling gd32f4xx_iref.c...
compiling gd32f4xx_misc.c...
compiling gd32f4xx_ipa.c...
compiling gd32f4xx_pmu.c...
compiling gd32f4xx_sdio.c...
compiling gd32f4xx_spi.c...
compiling gd32f4xx_rcu.c...
compiling gd32f4xx_rtc.c...
assembling startup_gd32f450_470.s...
compiling gd32f4xx_syscfg.c...
compiling gd32f4xx_timer.c...
compiling gd32f4xx_tli.c...
compiling heap_4.c...
compiling gd32f4xx_trng.c...
compiling gd32f4xx_usart.c...
compiling gd32f4xx_wwdgt.c...
compiling system_gd32f4xx.c...
compiling croutine.c...
compiling netconf.c...
compiling udp_echo.c...
compiling gd32f4xx_enet_eval.c...
compiling tcp_client.c...
compiling hello_gigadevice.c...
..\App\hello_gigadevice.c(267): warning:  #870-D: invalid multibyte character sequence
          send(fd, (void *)&HELLO, sizeof(HELLO), 0);
..\App\hello_gigadevice.c(267): warning:  #870-D: invalid multibyte character sequence
          send(fd, (void *)&HELLO, sizeof(HELLO), 0);
..\App\hello_gigadevice.c: 2 warnings, 0 errors
compiling list.c...
compiling event_groups.c...
compiling queue.c...
compiling stream_buffer.c...
compiling timers.c...
compiling tasks.c...
compiling port.c...
compiling api_lib.c...
compiling api_msg.c...
compiling err.c...
compiling netbuf.c...
compiling if_api.c...
compiling netdb.c...
compiling netifapi.c...
compiling tcpip.c...
compiling sockets.c...
compiling autoip.c...
compiling icmp.c...
compiling dhcp.c...
compiling etharp.c...
compiling epl_1588.c...
..\Hardware\DP83640\src\epl_1588.c(1540): warning:  #111-D: statement is unreachable
      return NULL;
..\Hardware\DP83640\src\epl_1588.c(1615): warning:  #188-D: enumerated type mixed with another type
      *messageType = 0xFF;
..\Hardware\DP83640\src\epl_1588.c: 2 warnings, 0 errors
compiling igmp.c...
compiling ip4.c...
compiling ip4_addr.c...
compiling ip4_frag.c...
compiling epl_core.c...
..\Hardware\DP83640\src\epl_core.c(45): warning:  #167-D: argument of type "NS_UINT" is incompatible with parameter of type "uint16_t *"
      enet_phy_write_read(ENET_PHY_WRITE,portHandle->portMdioAddress, registerIndex, value);
..\Hardware\DP83640\src\epl_core.c(80): warning:  #167-D: argument of type "NS_UINT *" is incompatible with parameter of type "uint16_t *"
      enet_phy_write_read(ENET_PHY_READ,portHandle->portMdioAddress, registerIndex,&data );
..\Hardware\DP83640\src\epl_core.c: 2 warnings, 0 errors
compiling epl_oai.c...
compiling altcp.c...
compiling altcp_alloc.c...
compiling altcp_tcp.c...
compiling def.c...
compiling dns.c...
compiling inet_chksum.c...
compiling ip.c...
compiling init.c...
compiling mem.c...
compiling memp.c...
compiling netif.c...
compiling pbuf.c...
compiling raw.c...
compiling stats.c...
compiling sys.c...
compiling tcp.c...
compiling timeouts.c...
compiling tcp_in.c...
compiling ethernet.c...
compiling tcp_out.c...
compiling sys_arch.c...
compiling udp.c...
compiling ethernetif.c...
linking...
Program Size: Code=9408 RO-data=460 RW-data=140 ZI-data=22348  
FromELF: creating hex file...
".\Objects\GD32F470_Freertos.axf" - 0 Error(s), 6 Warning(s).
Build Time Elapsed:  00:00:29
